./run_daily dry_run Tue Feb 16 14:14:00 EST 2021
testing
[Tue Feb 16 14:15:00 EST 2021] ./run_daily dry_run
testing
[Tue Feb 16 14:16:00 EST 2021] ./run_daily dry_run
testing
[Tue Feb 16 14:17:00 EST 2021] ./run_daily dry_run
testing
[Tue Feb 16 14:18:00 EST 2021] ./run_daily dry_run
testing
[Tue Feb 16 14:19:00 EST 2021] ./run_daily dry_run
testing
[Tue Feb 16 14:20:00 EST 2021] ./run_daily dry_run
testing
[Tue Feb 16 14:21:00 EST 2021] ./run_daily dry_run
testing
[Tue Feb 16 14:22:00 EST 2021] ./run_daily dry_run
testing
[Tue Feb 16 14:23:00 EST 2021] ./run_daily dry_run
[Tue Feb 16 20:29:00 EST 2021] ./run_daily daily
[Wed Feb 17 13:36:44 EST 2021] ./run_daily 
[Wed Feb 17 19:59:00 EST 2021] ./run_daily jummah
[Wed Feb 17 20:16:59 EST 2021] ./run_daily jummah dry_run
[Wed Feb 17 20:17:45 EST 2021] ./run_daily jummah dry_run
[Wed Feb 17 20:17:51 EST 2021] ./run_daily jummah dry_run
[Wed Feb 17 20:18:03 EST 2021] ./run_daily jummah dry_run
[Wed Feb 17 20:29:00 EST 2021] ./run_daily daily
[Wed Feb 17 20:35:53 EST 2021] ./run_daily jummah dry_run
[Wed Feb 17 20:36:31 EST 2021] ./run_daily jummah dry_run
[Wed Feb 17 20:39:19 EST 2021] ./run_daily jummah dry_run
[Wed Feb 17 20:41:20 EST 2021] ./run_daily jummah
[Wed Feb 17 20:42:29 EST 2021] ./run_daily jummah
[Wed Feb 17 20:43:02 EST 2021] ./run_daily jummah
[Wed Feb 17 20:46:44 EST 2021] ./run_daily jummah
[Wed Feb 17 20:53:06 EST 2021] ./run_daily jummah
[Wed Feb 17 20:53:40 EST 2021] ./run_daily jummah
[Wed Feb 17 20:54:55 EST 2021] ./run_daily jummah
[Wed Feb 17 20:56:49 EST 2021] ./run_daily jummah
[Wed Feb 17 20:57:21 EST 2021] ./run_daily jummah
[Wed Feb 17 20:57:43 EST 2021] ./run_daily jummah
[Wed Feb 17 21:01:29 EST 2021] ./run_daily jummah
[Wed Feb 17 21:02:52 EST 2021] ./run_daily jummah
[Wed Feb 17 21:03:50 EST 2021] ./run_daily jummah
[Wed Feb 17 21:04:32 EST 2021] ./run_daily jummah
[Wed Feb 17 21:05:08 EST 2021] ./run_daily jummah
[Wed Feb 17 21:14:17 EST 2021] ./run_daily jummah
[Wed Feb 17 21:15:33 EST 2021] ./run_daily jummah
[Wed Feb 17 21:15:56 EST 2021] ./run_daily jummah
[Wed Feb 17 21:17:06 EST 2021] ./run_daily 
[Wed Feb 17 21:18:37 EST 2021] ./run_daily dry_run
[Wed Feb 17 21:19:17 EST 2021] ./run_daily dry_run
[Wed Feb 17 21:19:46 EST 2021] ./run_daily dry_run
[Thu Feb 18 20:29:00 EST 2021] ./run_daily daily
[Fri Feb 19 20:29:00 EST 2021] ./run_daily daily
[Sat Feb 20 20:29:00 EST 2021] ./run_daily daily
[Sun Feb 21 20:29:00 EST 2021] ./run_daily daily
